<?xml version="1.0" encoding="UTF-8"?>
<!-- Generated by org.testng.reporters.JUnitReportReporter -->
<testsuite hostname="laptop-21012024" failures="0" tests="1" name="testCases.TC002LoginTest" time="2.294" errors="0" timestamp="2025-04-18T21:01:48 IST" skipped="0">
  <testcase classname="testCases.TC002LoginTest" name="verify_login" time="2.294"/>
</testsuite> <!-- testCases.TC002LoginTest -->
