<?xml version="1.0" encoding="UTF-8"?>
<!-- Generated by org.testng.reporters.JUnitReportReporter -->
<testsuite hostname="laptop-21012024" failures="0" tests="1" name="testCases.TC001AutomationTestCase" time="2.428" errors="0" timestamp="2025-04-18T21:01:48 IST" skipped="0">
  <testcase classname="testCases.TC001AutomationTestCase" name="verifyAccountRegistration" time="2.428"/>
</testsuite> <!-- testCases.TC001AutomationTestCase -->
